[2024-02-28 23:14:20] local.ERROR: SQLSTATE[42S02]: Base table or view not found: 1146 Table 'uangkas.telescope_entries' doesn't exist (Connection: mysql, SQL: insert into `telescope_entries` (`batch_id`, `content`, `created_at`, `family_hash`, `type`, `uuid`) values (9b7287bf-2809-401c-9783-48bbc2fc014e, {"command":"vendor:publish","exit_code":0,"arguments":{"command":"vendor:publish"},"options":{"existing":false,"force":true,"all":false,"provider":null,"tag":["laravel-assets"],"help":false,"quiet":false,"verbose":false,"version":false,"ansi":true,"no-interaction":false,"env":null},"hostname":"Frasetia"}, 2024-02-28 23:14:20, ?, command, 9b7287bf-234e-4831-8cfd-0327bc252ee9)) {"exception":"[object] (Illuminate\\Database\\QueryException(code: 42S02): SQLSTATE[42S02]: Base table or view not found: 1146 Table 'uangkas.telescope_entries' doesn't exist (Connection: mysql, SQL: insert into `telescope_entries` (`batch_id`, `content`, `created_at`, `family_hash`, `type`, `uuid`) values (9b7287bf-2809-401c-9783-48bbc2fc014e, {\"command\":\"vendor:publish\",\"exit_code\":0,\"arguments\":{\"command\":\"vendor:publish\"},\"options\":{\"existing\":false,\"force\":true,\"all\":false,\"provider\":null,\"tag\":[\"laravel-assets\"],\"help\":false,\"quiet\":false,\"verbose\":false,\"version\":false,\"ansi\":true,\"no-interaction\":false,\"env\":null},\"hostname\":\"Frasetia\"}, 2024-02-28 23:14:20, ?, command, 9b7287bf-234e-4831-8cfd-0327bc252ee9)) at C:\\Users\\USER\\OneDrive\\Desktop\\uangkas\\vendor\\laravel\\framework\\src\\Illuminate\\Database\\Connection.php:829)
[stacktrace]
#0 C:\\Users\\USER\\OneDrive\\Desktop\\uangkas\\vendor\\laravel\\framework\\src\\Illuminate\\Database\\Connection.php(783): Illuminate\\Database\\Connection->runQueryCallback('insert into `te...', Array, Object(Closure))
#1 C:\\Users\\USER\\OneDrive\\Desktop\\uangkas\\vendor\\laravel\\framework\\src\\Illuminate\\Database\\Connection.php(576): Illuminate\\Database\\Connection->run('insert into `te...', Array, Object(Closure))
#2 C:\\Users\\USER\\OneDrive\\Desktop\\uangkas\\vendor\\laravel\\framework\\src\\Illuminate\\Database\\Connection.php(540): Illuminate\\Database\\Connection->statement('insert into `te...', Array)
#3 C:\\Users\\USER\\OneDrive\\Desktop\\uangkas\\vendor\\laravel\\framework\\src\\Illuminate\\Database\\Query\\Builder.php(3382): Illuminate\\Database\\Connection->insert('insert into `te...', Array)
#4 C:\\Users\\USER\\OneDrive\\Desktop\\uangkas\\vendor\\laravel\\telescope\\src\\Storage\\DatabaseEntriesRepository.php(145): Illuminate\\Database\\Query\\Builder->insert(Array)
#5 C:\\Users\\USER\\OneDrive\\Desktop\\uangkas\\vendor\\laravel\\framework\\src\\Illuminate\\Collections\\Traits\\EnumeratesValues.php(240): Laravel\\Telescope\\Storage\\DatabaseEntriesRepository->Laravel\\Telescope\\Storage\\{closure}(Object(Illuminate\\Support\\Collection), 0)
#6 C:\\Users\\USER\\OneDrive\\Desktop\\uangkas\\vendor\\laravel\\telescope\\src\\Storage\\DatabaseEntriesRepository.php(144): Illuminate\\Support\\Collection->each(Object(Closure))
#7 C:\\Users\\USER\\OneDrive\\Desktop\\uangkas\\vendor\\laravel\\telescope\\src\\Telescope.php(668): Laravel\\Telescope\\Storage\\DatabaseEntriesRepository->store(Object(Illuminate\\Support\\Collection))
#8 [internal function]: Laravel\\Telescope\\Telescope::Laravel\\Telescope\\{closure}()
#9 C:\\Users\\USER\\OneDrive\\Desktop\\uangkas\\vendor\\laravel\\telescope\\src\\Telescope.php(293): call_user_func(Object(Closure))
#10 C:\\Users\\USER\\OneDrive\\Desktop\\uangkas\\vendor\\laravel\\telescope\\src\\Telescope.php(660): Laravel\\Telescope\\Telescope::withoutRecording(Object(Closure))
#11 C:\\Users\\USER\\OneDrive\\Desktop\\uangkas\\vendor\\laravel\\telescope\\src\\ListensForStorageOpportunities.php(65): Laravel\\Telescope\\Telescope::store(Object(Laravel\\Telescope\\Storage\\DatabaseEntriesRepository))
#12 C:\\Users\\USER\\OneDrive\\Desktop\\uangkas\\vendor\\laravel\\framework\\src\\Illuminate\\Container\\BoundMethod.php(36): Laravel\\Telescope\\Telescope::Laravel\\Telescope\\{closure}()
#13 C:\\Users\\USER\\OneDrive\\Desktop\\uangkas\\vendor\\laravel\\framework\\src\\Illuminate\\Container\\Util.php(41): Illuminate\\Container\\BoundMethod::Illuminate\\Container\\{closure}()
#14 C:\\Users\\USER\\OneDrive\\Desktop\\uangkas\\vendor\\laravel\\framework\\src\\Illuminate\\Container\\BoundMethod.php(81): Illuminate\\Container\\Util::unwrapIfClosure(Object(Closure))
#15 C:\\Users\\USER\\OneDrive\\Desktop\\uangkas\\vendor\\laravel\\framework\\src\\Illuminate\\Container\\BoundMethod.php(35): Illuminate\\Container\\BoundMethod::callBoundMethod(Object(Illuminate\\Foundation\\Application), Object(Closure), Object(Closure))
#16 C:\\Users\\USER\\OneDrive\\Desktop\\uangkas\\vendor\\laravel\\framework\\src\\Illuminate\\Container\\Container.php(662): Illuminate\\Container\\BoundMethod::call(Object(Illuminate\\Foundation\\Application), Object(Closure), Array, NULL)
#17 C:\\Users\\USER\\OneDrive\\Desktop\\uangkas\\vendor\\laravel\\framework\\src\\Illuminate\\Foundation\\Application.php(1274): Illuminate\\Container\\Container->call(Object(Closure))
#18 C:\\Users\\USER\\OneDrive\\Desktop\\uangkas\\vendor\\laravel\\framework\\src\\Illuminate\\Foundation\\Console\\Kernel.php(220): Illuminate\\Foundation\\Application->terminate()
#19 C:\\Users\\USER\\OneDrive\\Desktop\\uangkas\\artisan(51): Illuminate\\Foundation\\Console\\Kernel->terminate(Object(Symfony\\Component\\Console\\Input\\ArgvInput), 0)
#20 {main}

[previous exception] [object] (PDOException(code: 42S02): SQLSTATE[42S02]: Base table or view not found: 1146 Table 'uangkas.telescope_entries' doesn't exist at C:\\Users\\USER\\OneDrive\\Desktop\\uangkas\\vendor\\laravel\\framework\\src\\Illuminate\\Database\\Connection.php:581)
[stacktrace]
#0 C:\\Users\\USER\\OneDrive\\Desktop\\uangkas\\vendor\\laravel\\framework\\src\\Illuminate\\Database\\Connection.php(581): PDO->prepare('insert into `te...')
#1 C:\\Users\\USER\\OneDrive\\Desktop\\uangkas\\vendor\\laravel\\framework\\src\\Illuminate\\Database\\Connection.php(816): Illuminate\\Database\\Connection->Illuminate\\Database\\{closure}('insert into `te...', Array)
#2 C:\\Users\\USER\\OneDrive\\Desktop\\uangkas\\vendor\\laravel\\framework\\src\\Illuminate\\Database\\Connection.php(783): Illuminate\\Database\\Connection->runQueryCallback('insert into `te...', Array, Object(Closure))
#3 C:\\Users\\USER\\OneDrive\\Desktop\\uangkas\\vendor\\laravel\\framework\\src\\Illuminate\\Database\\Connection.php(576): Illuminate\\Database\\Connection->run('insert into `te...', Array, Object(Closure))
#4 C:\\Users\\USER\\OneDrive\\Desktop\\uangkas\\vendor\\laravel\\framework\\src\\Illuminate\\Database\\Connection.php(540): Illuminate\\Database\\Connection->statement('insert into `te...', Array)
#5 C:\\Users\\USER\\OneDrive\\Desktop\\uangkas\\vendor\\laravel\\framework\\src\\Illuminate\\Database\\Query\\Builder.php(3382): Illuminate\\Database\\Connection->insert('insert into `te...', Array)
#6 C:\\Users\\USER\\OneDrive\\Desktop\\uangkas\\vendor\\laravel\\telescope\\src\\Storage\\DatabaseEntriesRepository.php(145): Illuminate\\Database\\Query\\Builder->insert(Array)
#7 C:\\Users\\USER\\OneDrive\\Desktop\\uangkas\\vendor\\laravel\\framework\\src\\Illuminate\\Collections\\Traits\\EnumeratesValues.php(240): Laravel\\Telescope\\Storage\\DatabaseEntriesRepository->Laravel\\Telescope\\Storage\\{closure}(Object(Illuminate\\Support\\Collection), 0)
#8 C:\\Users\\USER\\OneDrive\\Desktop\\uangkas\\vendor\\laravel\\telescope\\src\\Storage\\DatabaseEntriesRepository.php(144): Illuminate\\Support\\Collection->each(Object(Closure))
#9 C:\\Users\\USER\\OneDrive\\Desktop\\uangkas\\vendor\\laravel\\telescope\\src\\Telescope.php(668): Laravel\\Telescope\\Storage\\DatabaseEntriesRepository->store(Object(Illuminate\\Support\\Collection))
#10 [internal function]: Laravel\\Telescope\\Telescope::Laravel\\Telescope\\{closure}()
#11 C:\\Users\\USER\\OneDrive\\Desktop\\uangkas\\vendor\\laravel\\telescope\\src\\Telescope.php(293): call_user_func(Object(Closure))
#12 C:\\Users\\USER\\OneDrive\\Desktop\\uangkas\\vendor\\laravel\\telescope\\src\\Telescope.php(660): Laravel\\Telescope\\Telescope::withoutRecording(Object(Closure))
#13 C:\\Users\\USER\\OneDrive\\Desktop\\uangkas\\vendor\\laravel\\telescope\\src\\ListensForStorageOpportunities.php(65): Laravel\\Telescope\\Telescope::store(Object(Laravel\\Telescope\\Storage\\DatabaseEntriesRepository))
#14 C:\\Users\\USER\\OneDrive\\Desktop\\uangkas\\vendor\\laravel\\framework\\src\\Illuminate\\Container\\BoundMethod.php(36): Laravel\\Telescope\\Telescope::Laravel\\Telescope\\{closure}()
#15 C:\\Users\\USER\\OneDrive\\Desktop\\uangkas\\vendor\\laravel\\framework\\src\\Illuminate\\Container\\Util.php(41): Illuminate\\Container\\BoundMethod::Illuminate\\Container\\{closure}()
#16 C:\\Users\\USER\\OneDrive\\Desktop\\uangkas\\vendor\\laravel\\framework\\src\\Illuminate\\Container\\BoundMethod.php(81): Illuminate\\Container\\Util::unwrapIfClosure(Object(Closure))
#17 C:\\Users\\USER\\OneDrive\\Desktop\\uangkas\\vendor\\laravel\\framework\\src\\Illuminate\\Container\\BoundMethod.php(35): Illuminate\\Container\\BoundMethod::callBoundMethod(Object(Illuminate\\Foundation\\Application), Object(Closure), Object(Closure))
#18 C:\\Users\\USER\\OneDrive\\Desktop\\uangkas\\vendor\\laravel\\framework\\src\\Illuminate\\Container\\Container.php(662): Illuminate\\Container\\BoundMethod::call(Object(Illuminate\\Foundation\\Application), Object(Closure), Array, NULL)
#19 C:\\Users\\USER\\OneDrive\\Desktop\\uangkas\\vendor\\laravel\\framework\\src\\Illuminate\\Foundation\\Application.php(1274): Illuminate\\Container\\Container->call(Object(Closure))
#20 C:\\Users\\USER\\OneDrive\\Desktop\\uangkas\\vendor\\laravel\\framework\\src\\Illuminate\\Foundation\\Console\\Kernel.php(220): Illuminate\\Foundation\\Application->terminate()
#21 C:\\Users\\USER\\OneDrive\\Desktop\\uangkas\\artisan(51): Illuminate\\Foundation\\Console\\Kernel->terminate(Object(Symfony\\Component\\Console\\Input\\ArgvInput), 0)
#22 {main}
"} 
[2024-02-28 23:14:32] local.ERROR: SQLSTATE[42S02]: Base table or view not found: 1146 Table 'uangkas.telescope_entries' doesn't exist (Connection: mysql, SQL: insert into `telescope_entries` (`batch_id`, `content`, `created_at`, `family_hash`, `type`, `uuid`) values (9b7287d1-b1c0-41ee-ba93-76a02178b07c, {"command":"key:generate","exit_code":0,"arguments":{"command":"key:generate"},"options":{"show":false,"force":false,"help":false,"quiet":false,"verbose":false,"version":false,"ansi":null,"no-interaction":false,"env":null},"hostname":"Frasetia"}, 2024-02-28 23:14:32, ?, command, 9b7287d1-ace2-4f0d-b678-8f3a6b7eb38d)) {"exception":"[object] (Illuminate\\Database\\QueryException(code: 42S02): SQLSTATE[42S02]: Base table or view not found: 1146 Table 'uangkas.telescope_entries' doesn't exist (Connection: mysql, SQL: insert into `telescope_entries` (`batch_id`, `content`, `created_at`, `family_hash`, `type`, `uuid`) values (9b7287d1-b1c0-41ee-ba93-76a02178b07c, {\"command\":\"key:generate\",\"exit_code\":0,\"arguments\":{\"command\":\"key:generate\"},\"options\":{\"show\":false,\"force\":false,\"help\":false,\"quiet\":false,\"verbose\":false,\"version\":false,\"ansi\":null,\"no-interaction\":false,\"env\":null},\"hostname\":\"Frasetia\"}, 2024-02-28 23:14:32, ?, command, 9b7287d1-ace2-4f0d-b678-8f3a6b7eb38d)) at C:\\Users\\USER\\OneDrive\\Desktop\\uangkas\\vendor\\laravel\\framework\\src\\Illuminate\\Database\\Connection.php:829)
[stacktrace]
#0 C:\\Users\\USER\\OneDrive\\Desktop\\uangkas\\vendor\\laravel\\framework\\src\\Illuminate\\Database\\Connection.php(783): Illuminate\\Database\\Connection->runQueryCallback('insert into `te...', Array, Object(Closure))
#1 C:\\Users\\USER\\OneDrive\\Desktop\\uangkas\\vendor\\laravel\\framework\\src\\Illuminate\\Database\\Connection.php(576): Illuminate\\Database\\Connection->run('insert into `te...', Array, Object(Closure))
#2 C:\\Users\\USER\\OneDrive\\Desktop\\uangkas\\vendor\\laravel\\framework\\src\\Illuminate\\Database\\Connection.php(540): Illuminate\\Database\\Connection->statement('insert into `te...', Array)
#3 C:\\Users\\USER\\OneDrive\\Desktop\\uangkas\\vendor\\laravel\\framework\\src\\Illuminate\\Database\\Query\\Builder.php(3382): Illuminate\\Database\\Connection->insert('insert into `te...', Array)
#4 C:\\Users\\USER\\OneDrive\\Desktop\\uangkas\\vendor\\laravel\\telescope\\src\\Storage\\DatabaseEntriesRepository.php(145): Illuminate\\Database\\Query\\Builder->insert(Array)
#5 C:\\Users\\USER\\OneDrive\\Desktop\\uangkas\\vendor\\laravel\\framework\\src\\Illuminate\\Collections\\Traits\\EnumeratesValues.php(240): Laravel\\Telescope\\Storage\\DatabaseEntriesRepository->Laravel\\Telescope\\Storage\\{closure}(Object(Illuminate\\Support\\Collection), 0)
#6 C:\\Users\\USER\\OneDrive\\Desktop\\uangkas\\vendor\\laravel\\telescope\\src\\Storage\\DatabaseEntriesRepository.php(144): Illuminate\\Support\\Collection->each(Object(Closure))
#7 C:\\Users\\USER\\OneDrive\\Desktop\\uangkas\\vendor\\laravel\\telescope\\src\\Telescope.php(668): Laravel\\Telescope\\Storage\\DatabaseEntriesRepository->store(Object(Illuminate\\Support\\Collection))
#8 [internal function]: Laravel\\Telescope\\Telescope::Laravel\\Telescope\\{closure}()
#9 C:\\Users\\USER\\OneDrive\\Desktop\\uangkas\\vendor\\laravel\\telescope\\src\\Telescope.php(293): call_user_func(Object(Closure))
#10 C:\\Users\\USER\\OneDrive\\Desktop\\uangkas\\vendor\\laravel\\telescope\\src\\Telescope.php(660): Laravel\\Telescope\\Telescope::withoutRecording(Object(Closure))
#11 C:\\Users\\USER\\OneDrive\\Desktop\\uangkas\\vendor\\laravel\\telescope\\src\\ListensForStorageOpportunities.php(65): Laravel\\Telescope\\Telescope::store(Object(Laravel\\Telescope\\Storage\\DatabaseEntriesRepository))
#12 C:\\Users\\USER\\OneDrive\\Desktop\\uangkas\\vendor\\laravel\\framework\\src\\Illuminate\\Container\\BoundMethod.php(36): Laravel\\Telescope\\Telescope::Laravel\\Telescope\\{closure}()
#13 C:\\Users\\USER\\OneDrive\\Desktop\\uangkas\\vendor\\laravel\\framework\\src\\Illuminate\\Container\\Util.php(41): Illuminate\\Container\\BoundMethod::Illuminate\\Container\\{closure}()
#14 C:\\Users\\USER\\OneDrive\\Desktop\\uangkas\\vendor\\laravel\\framework\\src\\Illuminate\\Container\\BoundMethod.php(81): Illuminate\\Container\\Util::unwrapIfClosure(Object(Closure))
#15 C:\\Users\\USER\\OneDrive\\Desktop\\uangkas\\vendor\\laravel\\framework\\src\\Illuminate\\Container\\BoundMethod.php(35): Illuminate\\Container\\BoundMethod::callBoundMethod(Object(Illuminate\\Foundation\\Application), Object(Closure), Object(Closure))
#16 C:\\Users\\USER\\OneDrive\\Desktop\\uangkas\\vendor\\laravel\\framework\\src\\Illuminate\\Container\\Container.php(662): Illuminate\\Container\\BoundMethod::call(Object(Illuminate\\Foundation\\Application), Object(Closure), Array, NULL)
#17 C:\\Users\\USER\\OneDrive\\Desktop\\uangkas\\vendor\\laravel\\framework\\src\\Illuminate\\Foundation\\Application.php(1274): Illuminate\\Container\\Container->call(Object(Closure))
#18 C:\\Users\\USER\\OneDrive\\Desktop\\uangkas\\vendor\\laravel\\framework\\src\\Illuminate\\Foundation\\Console\\Kernel.php(220): Illuminate\\Foundation\\Application->terminate()
#19 C:\\Users\\USER\\OneDrive\\Desktop\\uangkas\\artisan(51): Illuminate\\Foundation\\Console\\Kernel->terminate(Object(Symfony\\Component\\Console\\Input\\ArgvInput), 0)
#20 {main}

[previous exception] [object] (PDOException(code: 42S02): SQLSTATE[42S02]: Base table or view not found: 1146 Table 'uangkas.telescope_entries' doesn't exist at C:\\Users\\USER\\OneDrive\\Desktop\\uangkas\\vendor\\laravel\\framework\\src\\Illuminate\\Database\\Connection.php:581)
[stacktrace]
#0 C:\\Users\\USER\\OneDrive\\Desktop\\uangkas\\vendor\\laravel\\framework\\src\\Illuminate\\Database\\Connection.php(581): PDO->prepare('insert into `te...')
#1 C:\\Users\\USER\\OneDrive\\Desktop\\uangkas\\vendor\\laravel\\framework\\src\\Illuminate\\Database\\Connection.php(816): Illuminate\\Database\\Connection->Illuminate\\Database\\{closure}('insert into `te...', Array)
#2 C:\\Users\\USER\\OneDrive\\Desktop\\uangkas\\vendor\\laravel\\framework\\src\\Illuminate\\Database\\Connection.php(783): Illuminate\\Database\\Connection->runQueryCallback('insert into `te...', Array, Object(Closure))
#3 C:\\Users\\USER\\OneDrive\\Desktop\\uangkas\\vendor\\laravel\\framework\\src\\Illuminate\\Database\\Connection.php(576): Illuminate\\Database\\Connection->run('insert into `te...', Array, Object(Closure))
#4 C:\\Users\\USER\\OneDrive\\Desktop\\uangkas\\vendor\\laravel\\framework\\src\\Illuminate\\Database\\Connection.php(540): Illuminate\\Database\\Connection->statement('insert into `te...', Array)
#5 C:\\Users\\USER\\OneDrive\\Desktop\\uangkas\\vendor\\laravel\\framework\\src\\Illuminate\\Database\\Query\\Builder.php(3382): Illuminate\\Database\\Connection->insert('insert into `te...', Array)
#6 C:\\Users\\USER\\OneDrive\\Desktop\\uangkas\\vendor\\laravel\\telescope\\src\\Storage\\DatabaseEntriesRepository.php(145): Illuminate\\Database\\Query\\Builder->insert(Array)
#7 C:\\Users\\USER\\OneDrive\\Desktop\\uangkas\\vendor\\laravel\\framework\\src\\Illuminate\\Collections\\Traits\\EnumeratesValues.php(240): Laravel\\Telescope\\Storage\\DatabaseEntriesRepository->Laravel\\Telescope\\Storage\\{closure}(Object(Illuminate\\Support\\Collection), 0)
#8 C:\\Users\\USER\\OneDrive\\Desktop\\uangkas\\vendor\\laravel\\telescope\\src\\Storage\\DatabaseEntriesRepository.php(144): Illuminate\\Support\\Collection->each(Object(Closure))
#9 C:\\Users\\USER\\OneDrive\\Desktop\\uangkas\\vendor\\laravel\\telescope\\src\\Telescope.php(668): Laravel\\Telescope\\Storage\\DatabaseEntriesRepository->store(Object(Illuminate\\Support\\Collection))
#10 [internal function]: Laravel\\Telescope\\Telescope::Laravel\\Telescope\\{closure}()
#11 C:\\Users\\USER\\OneDrive\\Desktop\\uangkas\\vendor\\laravel\\telescope\\src\\Telescope.php(293): call_user_func(Object(Closure))
#12 C:\\Users\\USER\\OneDrive\\Desktop\\uangkas\\vendor\\laravel\\telescope\\src\\Telescope.php(660): Laravel\\Telescope\\Telescope::withoutRecording(Object(Closure))
#13 C:\\Users\\USER\\OneDrive\\Desktop\\uangkas\\vendor\\laravel\\telescope\\src\\ListensForStorageOpportunities.php(65): Laravel\\Telescope\\Telescope::store(Object(Laravel\\Telescope\\Storage\\DatabaseEntriesRepository))
#14 C:\\Users\\USER\\OneDrive\\Desktop\\uangkas\\vendor\\laravel\\framework\\src\\Illuminate\\Container\\BoundMethod.php(36): Laravel\\Telescope\\Telescope::Laravel\\Telescope\\{closure}()
#15 C:\\Users\\USER\\OneDrive\\Desktop\\uangkas\\vendor\\laravel\\framework\\src\\Illuminate\\Container\\Util.php(41): Illuminate\\Container\\BoundMethod::Illuminate\\Container\\{closure}()
#16 C:\\Users\\USER\\OneDrive\\Desktop\\uangkas\\vendor\\laravel\\framework\\src\\Illuminate\\Container\\BoundMethod.php(81): Illuminate\\Container\\Util::unwrapIfClosure(Object(Closure))
#17 C:\\Users\\USER\\OneDrive\\Desktop\\uangkas\\vendor\\laravel\\framework\\src\\Illuminate\\Container\\BoundMethod.php(35): Illuminate\\Container\\BoundMethod::callBoundMethod(Object(Illuminate\\Foundation\\Application), Object(Closure), Object(Closure))
#18 C:\\Users\\USER\\OneDrive\\Desktop\\uangkas\\vendor\\laravel\\framework\\src\\Illuminate\\Container\\Container.php(662): Illuminate\\Container\\BoundMethod::call(Object(Illuminate\\Foundation\\Application), Object(Closure), Array, NULL)
#19 C:\\Users\\USER\\OneDrive\\Desktop\\uangkas\\vendor\\laravel\\framework\\src\\Illuminate\\Foundation\\Application.php(1274): Illuminate\\Container\\Container->call(Object(Closure))
#20 C:\\Users\\USER\\OneDrive\\Desktop\\uangkas\\vendor\\laravel\\framework\\src\\Illuminate\\Foundation\\Console\\Kernel.php(220): Illuminate\\Foundation\\Application->terminate()
#21 C:\\Users\\USER\\OneDrive\\Desktop\\uangkas\\artisan(51): Illuminate\\Foundation\\Console\\Kernel->terminate(Object(Symfony\\Component\\Console\\Input\\ArgvInput), 0)
#22 {main}
"} 
